<?xml version="1.0" encoding="UTF-8"?>
<testng-results ignored="0" total="1" passed="1" failed="0" skipped="0">
  <reporter-output>
  </reporter-output>
  <suite started-at="2025-04-16T20:30:27 IST" name="Default suite" finished-at="2025-04-16T20:30:41 IST" duration-ms="13268">
    <groups>
    </groups>
    <test started-at="2025-04-16T20:30:27 IST" name="Default test" finished-at="2025-04-16T20:30:41 IST" duration-ms="13268">
      <class name="Maven1.Project1.TestCase5_ProfileUpdate">
        <test-method signature="login()[pri:0, instance:Maven1.Project1.TestCase5_ProfileUpdate@1fa121e2]" started-at="2025-04-16T20:30:27 IST" name="login" finished-at="2025-04-16T20:30:41 IST" duration-ms="13205" status="PASS">
          <reporter-output>
          </reporter-output>
        </test-method> <!-- login -->
      </class> <!-- Maven1.Project1.TestCase5_ProfileUpdate -->
    </test> <!-- Default test -->
  </suite> <!-- Default suite -->
</testng-results>
