<?xml version="1.0" encoding="UTF-8"?>
<!-- Generated by org.testng.reporters.JUnitReportReporter -->
<testsuite hostname="Rijwan" failures="0" tests="1" name="Maven1.Project1.TestCase1_Login" time="27.256" errors="0" timestamp="2025-04-25T00:41:40 IST" skipped="0">
  <testcase classname="Maven1.Project1.TestCase1_Login" name="login" time="27.256">
    <system-out>
      <![CDATA[📸 Screenshot saved: D:\JAVA SELENIUM\Screenshots\Passed_login_20250425_004140.png
✅ Test Passed: login]]>
    </system-out>
  </testcase> <!-- login -->
  <system-out>
    <![CDATA[📸 Screenshot saved: D:\JAVA SELENIUM\Screenshots\Passed_login_20250425_004140.png
✅ Test Passed: login]]>
  </system-out>
</testsuite> <!-- Maven1.Project1.TestCase1_Login -->
